#
# A fatal error has been detected by the Java Runtime Environment:
#
#  SIGSEGV (0xb) at pc=0x0000000113a964d4, pid=10330, tid=5891
#
# JRE version: Java(TM) SE Runtime Environment (15.0.1+9) (build 15.0.1+9-18)
# Java VM: Java HotSpot(TM) 64-Bit Server VM (15.0.1+9-18, mixed mode, sharing, tiered, compressed oops, g1 gc, bsd-amd64)
# Problematic frame:
# V  [libjvm.dylib+0x34d4]  AccessInternal::PostRuntimeDispatch<G1BarrierSet::AccessBarrier<548980ull, G1BarrierSet>, (AccessInternal::BarrierType)2, 548980ull>::oop_access_barrier(void*)+0x4
#
# No core dump will be written. Core dumps have been disabled. To enable core dumping, try "ulimit -c unlimited" before starting Java again
#
# If you would like to submit a bug report, please visit:
#   https://bugreport.java.com/bugreport/crash.jsp
#

---------------  S U M M A R Y ------------

Command Line: -Dfile.encoding=UTF-8 -XX:+ShowCodeDetailsInExceptionMessages oracle.jdbc.driver.JavaToJavaConverter$117

Host: MacBookPro16,1 x86_64 2600 MHz, 12 cores, 16G, Darwin 20.4.0
Time: Tue May 25 22:24:13 2021 KST elapsed time: 0.112777 seconds (0d 0h 0m 0s)

---------------  T H R E A D  ---------------

Current thread (0x00007ffdcf80a200):  JavaThread "main" [_thread_in_vm, id=5891, stack(0x0000700000ad5000,0x0000700000bd5000)]

Stack: [0x0000700000ad5000,0x0000700000bd5000],  sp=0x0000700000bd4df0,  free space=1023k
Native frames: (J=compiled Java code, A=aot compiled Java code, j=interpreted, Vv=VM code, C=native code)
V  [libjvm.dylib+0x34d4]  AccessInternal::PostRuntimeDispatch<G1BarrierSet::AccessBarrier<548980ull, G1BarrierSet>, (AccessInternal::BarrierType)2, 548980ull>::oop_access_barrier(void*)+0x4
V  [libjvm.dylib+0x5167b5]  jni_GetStringUTFChars+0xc5
C  [libjli.dylib+0x79ed]  PostJVMInit+0xad
C  [libjli.dylib+0x4ed8]  JavaMain+0xbb8
C  [libjli.dylib+0x7659]  ThreadJavaMain+0x9
C  [libsystem_pthread.dylib+0x6954]  _pthread_start+0xe0
C  [libsystem_pthread.dylib+0x24a7]  thread_start+0xf


siginfo: si_signo: 11 (SIGSEGV), si_code: 1 (SEGV_MAPERR), si_addr: 0x0000000000000000

Register to memory mapping:

RAX=0x000000010d25e000 points into unknown readable memory: 0x0000000000000000 | 00 00 00 00 00 00 00 00
RBX=0x0 is NULL
RCX=0x000000011464ae70: jni_NativeInterface+0 in /Library/Java/JavaVirtualMachines/jdk-15.0.1.jdk/Contents/Home/lib/server/libjvm.dylib at 0x0000000113a93000
RDX=0x0 is NULL
RSP=0x0000700000bd4df0 is pointing into the stack for thread: 0x00007ffdcf80a200
RBP=0x0000700000bd4df0 is pointing into the stack for thread: 0x00007ffdcf80a200
RSI=0x0 is NULL
RDI=0x0 is NULL
R8 ={method} {0x000000080000e2b8} 'getCanonicalName' '()Ljava/lang/String;' in 'java/lang/Class'
R9 =0x00007ffdce611ee0 points into unknown readable memory: 0x000000080000e2b8 | b8 e2 00 00 08 00 00 00
R10=0x00000001146c90c0: _ZN19TemplateInterpreter13_active_tableE+0x4800 in /Library/Java/JavaVirtualMachines/jdk-15.0.1.jdk/Contents/Home/lib/server/libjvm.dylib at 0x0000000113a93000
R11=0x0 is NULL
R12=0x00007ffdcf80a200 is a thread
R13=0x0 is NULL
R14=0x0 is NULL
R15=0x0 is NULL


Registers:
RAX=0x000000010d25e000, RBX=0x0000000000000000, RCX=0x000000011464ae70, RDX=0x0000000000000000
RSP=0x0000700000bd4df0, RBP=0x0000700000bd4df0, RSI=0x0000000000000000, RDI=0x0000000000000000
R8 =0x000000080000e2b8, R9 =0x00007ffdce611ee0, R10=0x00000001146c90c0, R11=0x0000000000000000
R12=0x00007ffdcf80a200, R13=0x0000000000000000, R14=0x0000000000000000, R15=0x0000000000000000
RIP=0x0000000113a964d4, EFLAGS=0x0000000000010246, ERR=0x0000000000000004
  TRAPNO=0x000000000000000e

Top of Stack: (sp=0x0000700000bd4df0)
0x0000700000bd4df0:   0000700000bd4e80 0000000113fa97b5
0x0000700000bd4e00:   00007ffdcf80a200 0000000000000000
0x0000700000bd4e10:   000000010d22cb92 000000010d22cb81
0x0000700000bd4e20:   748c428e4e8500a6 00007ffdcf80a528
0x0000700000bd4e30:   00007ffdcf80a200 0000000000000000
0x0000700000bd4e40:   0000000000000000 00007ffdcf80a200
0x0000700000bd4e50:   0000700000bd4e80 00007ffdcf80a528
0x0000700000bd4e60:   00007ffdce612818 0000000000000000
0x0000700000bd4e70:   0000000000000000 00007ffdce612810
0x0000700000bd4e80:   0000700000bd4f10 000000010d2289ed
0x0000700000bd4e90:   00007ffdcf80a528 00007ffdcf80a200
0x0000700000bd4ea0:   0000700000bd4ed0 0000000113f965df
0x0000700000bd4eb0:   748c428e4e8500a6 00007ffdce6127f8
0x0000700000bd4ec0:   00007ffdce612818 0000000000000000
0x0000700000bd4ed0:   00007ffdcf80a528 00007ffdcf80a200
0x0000700000bd4ee0:   0000700000bd4f10 748c428e4e8500a6
0x0000700000bd4ef0:   00007ffdce6127f8 00007ffdce612818
0x0000700000bd4f00:   00007ffdce612828 00007ffdce612810
0x0000700000bd4f10:   0000700000bd4fa0 000000010d225ed8
0x0000700000bd4f20:   0000000000000000 0005c3277132feef
0x0000700000bd4f30:   0000000500010002 00007ffdce605fe0
0x0000700000bd4f40:   0000000000000000 0000000000000000
0x0000700000bd4f50:   00007ffdce604210 0000000000000001
0x0000700000bd4f60:   00007ffdce604190 00007ffdcf80a528
0x0000700000bd4f70:   000000011464ae68 0000700000bd5000
0x0000700000bd4f80:   0000000000000000 0000000000000000
0x0000700000bd4f90:   0000000000000000 0000000000000000
0x0000700000bd4fa0:   0000700000bd4fb0 000000010d228659
0x0000700000bd4fb0:   0000700000bd4fd0 00007fff20345954
0x0000700000bd4fc0:   0000000000000000 0000000000000000
0x0000700000bd4fd0:   0000700000bd4ff0 00007fff203414a7
0x0000700000bd4fe0:   0000000000000000 0000000000000000 

Instructions: (pc=0x0000000113a964d4)
0x0000000113a963d4:   ff 0b 73 0e 48 63 c7 48 8d 0d ae 7e ae 00 8b 04
0x0000000113a963e4:   81 c3 55 48 89 e5 48 8d 3d 13 94 a6 00 be 9c 00
0x0000000113a963f4:   00 00 e8 75 bc 2f 00 e8 b0 42 82 00 31 c0 5d c3
0x0000000113a96404:   66 66 66 2e 0f 1f 84 00 00 00 00 00 55 48 89 e5
0x0000000113a96414:   48 8b 47 08 0f b7 48 32 0f b7 40 30 8d 44 01 19
0x0000000113a96424:   5d c3 66 2e 0f 1f 84 00 00 00 00 00 55 48 89 e5
0x0000000113a96434:   53 50 48 89 fb 48 8d 0d f8 4a c1 00 48 8d 05 d9
0x0000000113a96444:   91 be 00 48 8b 00 8b 40 10 ff c8 80 39 00 74 10
0x0000000113a96454:   83 f8 04 73 1f 48 98 48 8d 0d 7e d4 b0 00 eb 0e
0x0000000113a96464:   83 f8 04 73 0f 48 98 48 8d 0d 8e d4 b0 00 48 8b
0x0000000113a96474:   04 c1 eb 21 48 8d 3d bc 93 a6 00 48 8d 15 e5 93
0x0000000113a96484:   a6 00 be e8 00 00 00 31 c0 e8 de b9 2f 00 e8 19
0x0000000113a96494:   42 82 00 31 c0 48 89 05 90 11 bb 00 48 89 df 48
0x0000000113a964a4:   83 c4 08 5b 5d ff e0 0f 1f 44 00 00 55 48 89 e5
0x0000000113a964b4:   48 8b 07 5d c3 0f 1f 80 00 00 00 00 55 48 89 e5
0x0000000113a964c4:   48 8b 07 5d c3 0f 1f 80 00 00 00 00 55 48 89 e5
0x0000000113a964d4:   48 8b 07 5d c3 0f 1f 80 00 00 00 00 55 48 89 e5
0x0000000113a964e4:   41 57 41 56 53 50 49 89 fe 49 8b 1e 4c 8d 3d 41
0x0000000113a964f4:   67 c4 00 49 85 1f 74 3c 48 89 df e8 8c 31 a3 00
0x0000000113a96504:   48 89 c1 48 85 c9 74 29 48 89 d8 f0 49 0f b1 0e
0x0000000113a96514:   48 89 c2 48 39 da 74 19 0f 1f 40 00 49 85 17 74
0x0000000113a96524:   10 48 89 d0 f0 49 0f b1 0e 48 39 d0 48 89 c2 75
0x0000000113a96534:   eb 48 89 cb 48 89 d8 48 83 c4 08 5b 41 5e 41 5f
0x0000000113a96544:   5d c3 66 2e 0f 1f 84 00 00 00 00 00 55 48 89 e5
0x0000000113a96554:   48 8b 07 5d c3 0f 1f 80 00 00 00 00 55 48 89 e5
0x0000000113a96564:   48 8b 07 5d c3 0f 1f 80 00 00 00 00 55 48 89 e5
0x0000000113a96574:   48 8b 07 5d c3 0f 1f 80 00 00 00 00 55 48 89 e5
0x0000000113a96584:   41 57 41 56 53 50 49 89 fe 49 8b 1e 4c 8d 3d a1
0x0000000113a96594:   66 c4 00 49 85 1f 74 3c 48 89 df e8 ec 30 a3 00
0x0000000113a965a4:   48 89 c1 48 85 c9 74 29 48 89 d8 f0 49 0f b1 0e
0x0000000113a965b4:   48 89 c2 48 39 da 74 19 0f 1f 40 00 49 85 17 74
0x0000000113a965c4:   10 48 89 d0 f0 49 0f b1 0e 48 39 d0 48 89 c2 75 


Stack slot to memory mapping:
stack at sp + 0 slots: 0x0000700000bd4e80 is pointing into the stack for thread: 0x00007ffdcf80a200
stack at sp + 1 slots: 0x0000000113fa97b5: jni_GetStringUTFChars+0xc5 in /Library/Java/JavaVirtualMachines/jdk-15.0.1.jdk/Contents/Home/lib/server/libjvm.dylib at 0x0000000113a93000
stack at sp + 2 slots: 0x00007ffdcf80a200 is a thread
stack at sp + 3 slots: 0x0 is NULL
stack at sp + 4 slots: 0x000000010d22cb92: JLI_WildcardExpandClasspath+0x2282 in /Library/Java/JavaVirtualMachines/jdk-15.0.1.jdk/Contents/Home/lib/libjli.dylib at 0x000000010d221000
stack at sp + 5 slots: 0x000000010d22cb81: JLI_WildcardExpandClasspath+0x2271 in /Library/Java/JavaVirtualMachines/jdk-15.0.1.jdk/Contents/Home/lib/libjli.dylib at 0x000000010d221000
stack at sp + 6 slots: 0x748c428e4e8500a6 is an unknown value
stack at sp + 7 slots: 0x00007ffdcf80a528 points into unknown readable memory: 0x000000011464ae70 | 70 ae 64 14 01 00 00 00


---------------  P R O C E S S  ---------------

Threads class SMR info:
_java_thread_list=0x00007ffdce5116e0, length=11, elements={
0x00007ffdcf80a200, 0x00007ffdd0826800, 0x00007ffdd080d400, 0x00007ffdd080ea00,
0x00007ffdd082ac00, 0x00007ffdd0810000, 0x00007ffdcf8ff400, 0x00007ffdcf901c00,
0x00007ffdce808c00, 0x00007ffdcf00e000, 0x00007ffdd3009800
}

Java Threads: ( => current thread )
=>0x00007ffdcf80a200 JavaThread "main" [_thread_in_vm, id=5891, stack(0x0000700000ad5000,0x0000700000bd5000)]
  0x00007ffdd0826800 JavaThread "Reference Handler" daemon [_thread_blocked, id=16643, stack(0x00007000011ea000,0x00007000012ea000)]
  0x00007ffdd080d400 JavaThread "Finalizer" daemon [_thread_blocked, id=15875, stack(0x00007000012ed000,0x00007000013ed000)]
  0x00007ffdd080ea00 JavaThread "Signal Dispatcher" daemon [_thread_blocked, id=42755, stack(0x00007000014f6000,0x00007000015f6000)]
  0x00007ffdd082ac00 JavaThread "Service Thread" daemon [_thread_blocked, id=23555, stack(0x00007000015f9000,0x00007000016f9000)]
  0x00007ffdd0810000 JavaThread "C2 CompilerThread0" daemon [_thread_blocked, id=41987, stack(0x00007000016fc000,0x00007000017fc000)]
  0x00007ffdcf8ff400 JavaThread "C1 CompilerThread0" daemon [_thread_blocked, id=24835, stack(0x00007000017ff000,0x00007000018ff000)]
  0x00007ffdcf901c00 JavaThread "Sweeper thread" daemon [_thread_blocked, id=41219, stack(0x0000700001902000,0x0000700001a02000)]
  0x00007ffdce808c00 JavaThread "Notification Thread" daemon [_thread_blocked, id=26115, stack(0x0000700001a05000,0x0000700001b05000)]
  0x00007ffdcf00e000 JavaThread "Common-Cleaner" daemon [_thread_blocked, id=26883, stack(0x0000700001c0b000,0x0000700001d0b000)]
  0x00007ffdd3009800 JavaThread "C2 CompilerThread1" daemon [_thread_blocked, id=39939, stack(0x0000700001d0e000,0x0000700001e0e000)]

Other Threads:
  0x00007ffdd000c390 VMThread "VM Thread" [stack: 0x00007000010e7000,0x00007000011e7000] [id=13827]
  0x00007ffdce50d4e0 WatcherThread [stack: 0x0000700001b08000,0x0000700001c08000] [id=40451]
  0x00007ffdce61f010 GCTaskThread "GC Thread#0" [stack: 0x0000700000bd8000,0x0000700000cd8000] [id=12291]
  0x00007ffdce6201c0 ConcurrentGCThread "G1 Main Marker" [stack: 0x0000700000cdb000,0x0000700000ddb000] [id=19203]
  0x00007ffdce6212a0 ConcurrentGCThread "G1 Conc#0" [stack: 0x0000700000dde000,0x0000700000ede000] [id=18435]
  0x00007ffdce63e7a0 ConcurrentGCThread "G1 Refine#0" [stack: 0x0000700000ee1000,0x0000700000fe1000] [id=18179]
  0x00007ffdce63f820 ConcurrentGCThread "G1 Young RemSet Sampling" [stack: 0x0000700000fe4000,0x00007000010e4000] [id=13315]

Threads with active compile tasks:

VM state: not at safepoint (normal execution)

VM Mutex/Monitor currently owned by a thread: None

Heap address: 0x0000000700000000, size: 4096 MB, Compressed Oops mode: Zero based, Oop shift amount: 3
CDS archive(s) mapped at: [0x0000000800000000-0x0000000800b2c000-0x0000000800b2c000), size 11714560, SharedBaseAddress: 0x0000000800000000, ArchiveRelocationMode: 0.
Compressed class space mapped at: 0x0000000800b2c000-0x0000000840b2c000, size: 1073741824
Narrow klass base: 0x0000000800000000, Narrow klass shift: 3, Narrow klass range: 0x100000000

GC Precious Log:
 CPUs: 12 total, 12 available
 Memory: 16384M
 Large Page Support: Disabled
 NUMA Support: Disabled
 Compressed Oops: Enabled (Zero based)
 Heap Region Size: 2M
 Heap Min Capacity: 8M
 Heap Initial Capacity: 256M
 Heap Max Capacity: 4G
 Pre-touch: Disabled
 Parallel Workers: 10
 Concurrent Workers: 3
 Concurrent Refinement Workers: 10
 Periodic GC: Disabled

Heap:
 garbage-first heap   total 266240K, used 3880K [0x0000000700000000, 0x0000000800000000)
  region size 2048K, 2 young (4096K), 0 survivors (0K)
 Metaspace       used 557K, capacity 4922K, committed 5120K, reserved 1056768K
  class space    used 30K, capacity 422K, committed 512K, reserved 1048576K

Heap Regions: E=young(eden), S=young(survivor), O=old, HS=humongous(starts), HC=humongous(continues), CS=collection set, F=free, OA=open archive, CA=closed archive, TAMS=top-at-mark-start (previous, next)
|   0|0x0000000700000000, 0x0000000700000000, 0x0000000700200000|  0%| F|  |TAMS 0x0000000700000000, 0x0000000700000000| Untracked 
|   1|0x0000000700200000, 0x0000000700200000, 0x0000000700400000|  0%| F|  |TAMS 0x0000000700200000, 0x0000000700200000| Untracked 
|   2|0x0000000700400000, 0x0000000700400000, 0x0000000700600000|  0%| F|  |TAMS 0x0000000700400000, 0x0000000700400000| Untracked 
|   3|0x0000000700600000, 0x0000000700600000, 0x0000000700800000|  0%| F|  |TAMS 0x0000000700600000, 0x0000000700600000| Untracked 
|   4|0x0000000700800000, 0x0000000700800000, 0x0000000700a00000|  0%| F|  |TAMS 0x0000000700800000, 0x0000000700800000| Untracked 
|   5|0x0000000700a00000, 0x0000000700a00000, 0x0000000700c00000|  0%| F|  |TAMS 0x0000000700a00000, 0x0000000700a00000| Untracked 
|   6|0x0000000700c00000, 0x0000000700c00000, 0x0000000700e00000|  0%| F|  |TAMS 0x0000000700c00000, 0x0000000700c00000| Untracked 
|   7|0x0000000700e00000, 0x0000000700e00000, 0x0000000701000000|  0%| F|  |TAMS 0x0000000700e00000, 0x0000000700e00000| Untracked 
|   8|0x0000000701000000, 0x0000000701000000, 0x0000000701200000|  0%| F|  |TAMS 0x0000000701000000, 0x0000000701000000| Untracked 
|   9|0x0000000701200000, 0x0000000701200000, 0x0000000701400000|  0%| F|  |TAMS 0x0000000701200000, 0x0000000701200000| Untracked 
|  10|0x0000000701400000, 0x0000000701400000, 0x0000000701600000|  0%| F|  |TAMS 0x0000000701400000, 0x0000000701400000| Untracked 
|  11|0x0000000701600000, 0x0000000701600000, 0x0000000701800000|  0%| F|  |TAMS 0x0000000701600000, 0x0000000701600000| Untracked 
|  12|0x0000000701800000, 0x0000000701800000, 0x0000000701a00000|  0%| F|  |TAMS 0x0000000701800000, 0x0000000701800000| Untracked 
|  13|0x0000000701a00000, 0x0000000701a00000, 0x0000000701c00000|  0%| F|  |TAMS 0x0000000701a00000, 0x0000000701a00000| Untracked 
|  14|0x0000000701c00000, 0x0000000701c00000, 0x0000000701e00000|  0%| F|  |TAMS 0x0000000701c00000, 0x0000000701c00000| Untracked 
|  15|0x0000000701e00000, 0x0000000701e00000, 0x0000000702000000|  0%| F|  |TAMS 0x0000000701e00000, 0x0000000701e00000| Untracked 
|  16|0x0000000702000000, 0x0000000702000000, 0x0000000702200000|  0%| F|  |TAMS 0x0000000702000000, 0x0000000702000000| Untracked 
|  17|0x0000000702200000, 0x0000000702200000, 0x0000000702400000|  0%| F|  |TAMS 0x0000000702200000, 0x0000000702200000| Untracked 
|  18|0x0000000702400000, 0x0000000702400000, 0x0000000702600000|  0%| F|  |TAMS 0x0000000702400000, 0x0000000702400000| Untracked 
|  19|0x0000000702600000, 0x0000000702600000, 0x0000000702800000|  0%| F|  |TAMS 0x0000000702600000, 0x0000000702600000| Untracked 
|  20|0x0000000702800000, 0x0000000702800000, 0x0000000702a00000|  0%| F|  |TAMS 0x0000000702800000, 0x0000000702800000| Untracked 
|  21|0x0000000702a00000, 0x0000000702a00000, 0x0000000702c00000|  0%| F|  |TAMS 0x0000000702a00000, 0x0000000702a00000| Untracked 
|  22|0x0000000702c00000, 0x0000000702c00000, 0x0000000702e00000|  0%| F|  |TAMS 0x0000000702c00000, 0x0000000702c00000| Untracked 
|  23|0x0000000702e00000, 0x0000000702e00000, 0x0000000703000000|  0%| F|  |TAMS 0x0000000702e00000, 0x0000000702e00000| Untracked 
|  24|0x0000000703000000, 0x0000000703000000, 0x0000000703200000|  0%| F|  |TAMS 0x0000000703000000, 0x0000000703000000| Untracked 
|  25|0x0000000703200000, 0x0000000703200000, 0x0000000703400000|  0%| F|  |TAMS 0x0000000703200000, 0x0000000703200000| Untracked 
|  26|0x0000000703400000, 0x0000000703400000, 0x0000000703600000|  0%| F|  |TAMS 0x0000000703400000, 0x0000000703400000| Untracked 
|  27|0x0000000703600000, 0x0000000703600000, 0x0000000703800000|  0%| F|  |TAMS 0x0000000703600000, 0x0000000703600000| Untracked 
|  28|0x0000000703800000, 0x0000000703800000, 0x0000000703a00000|  0%| F|  |TAMS 0x0000000703800000, 0x0000000703800000| Untracked 
|  29|0x0000000703a00000, 0x0000000703a00000, 0x0000000703c00000|  0%| F|  |TAMS 0x0000000703a00000, 0x0000000703a00000| Untracked 
|  30|0x0000000703c00000, 0x0000000703c00000, 0x0000000703e00000|  0%| F|  |TAMS 0x0000000703c00000, 0x0000000703c00000| Untracked 
|  31|0x0000000703e00000, 0x0000000703e00000, 0x0000000704000000|  0%| F|  |TAMS 0x0000000703e00000, 0x0000000703e00000| Untracked 
|  32|0x0000000704000000, 0x0000000704000000, 0x0000000704200000|  0%| F|  |TAMS 0x0000000704000000, 0x0000000704000000| Untracked 
|  33|0x0000000704200000, 0x0000000704200000, 0x0000000704400000|  0%| F|  |TAMS 0x0000000704200000, 0x0000000704200000| Untracked 
|  34|0x0000000704400000, 0x0000000704400000, 0x0000000704600000|  0%| F|  |TAMS 0x0000000704400000, 0x0000000704400000| Untracked 
|  35|0x0000000704600000, 0x0000000704600000, 0x0000000704800000|  0%| F|  |TAMS 0x0000000704600000, 0x0000000704600000| Untracked 
|  36|0x0000000704800000, 0x0000000704800000, 0x0000000704a00000|  0%| F|  |TAMS 0x0000000704800000, 0x0000000704800000| Untracked 
|  37|0x0000000704a00000, 0x0000000704a00000, 0x0000000704c00000|  0%| F|  |TAMS 0x0000000704a00000, 0x0000000704a00000| Untracked 
|  38|0x0000000704c00000, 0x0000000704c00000, 0x0000000704e00000|  0%| F|  |TAMS 0x0000000704c00000, 0x0000000704c00000| Untracked 
|  39|0x0000000704e00000, 0x0000000704e00000, 0x0000000705000000|  0%| F|  |TAMS 0x0000000704e00000, 0x0000000704e00000| Untracked 
|  40|0x0000000705000000, 0x0000000705000000, 0x0000000705200000|  0%| F|  |TAMS 0x0000000705000000, 0x0000000705000000| Untracked 
|  41|0x0000000705200000, 0x0000000705200000, 0x0000000705400000|  0%| F|  |TAMS 0x0000000705200000, 0x0000000705200000| Untracked 
|  42|0x0000000705400000, 0x0000000705400000, 0x0000000705600000|  0%| F|  |TAMS 0x0000000705400000, 0x0000000705400000| Untracked 
|  43|0x0000000705600000, 0x0000000705600000, 0x0000000705800000|  0%| F|  |TAMS 0x0000000705600000, 0x0000000705600000| Untracked 
|  44|0x0000000705800000, 0x0000000705800000, 0x0000000705a00000|  0%| F|  |TAMS 0x0000000705800000, 0x0000000705800000| Untracked 
|  45|0x0000000705a00000, 0x0000000705a00000, 0x0000000705c00000|  0%| F|  |TAMS 0x0000000705a00000, 0x0000000705a00000| Untracked 
|  46|0x0000000705c00000, 0x0000000705c00000, 0x0000000705e00000|  0%| F|  |TAMS 0x0000000705c00000, 0x0000000705c00000| Untracked 
|  47|0x0000000705e00000, 0x0000000705e00000, 0x0000000706000000|  0%| F|  |TAMS 0x0000000705e00000, 0x0000000705e00000| Untracked 
|  48|0x0000000706000000, 0x0000000706000000, 0x0000000706200000|  0%| F|  |TAMS 0x0000000706000000, 0x0000000706000000| Untracked 
|  49|0x0000000706200000, 0x0000000706200000, 0x0000000706400000|  0%| F|  |TAMS 0x0000000706200000, 0x0000000706200000| Untracked 
|  50|0x0000000706400000, 0x0000000706400000, 0x0000000706600000|  0%| F|  |TAMS 0x0000000706400000, 0x0000000706400000| Untracked 
|  51|0x0000000706600000, 0x0000000706600000, 0x0000000706800000|  0%| F|  |TAMS 0x0000000706600000, 0x0000000706600000| Untracked 
|  52|0x0000000706800000, 0x0000000706800000, 0x0000000706a00000|  0%| F|  |TAMS 0x0000000706800000, 0x0000000706800000| Untracked 
|  53|0x0000000706a00000, 0x0000000706a00000, 0x0000000706c00000|  0%| F|  |TAMS 0x0000000706a00000, 0x0000000706a00000| Untracked 
|  54|0x0000000706c00000, 0x0000000706c00000, 0x0000000706e00000|  0%| F|  |TAMS 0x0000000706c00000, 0x0000000706c00000| Untracked 
|  55|0x0000000706e00000, 0x0000000706e00000, 0x0000000707000000|  0%| F|  |TAMS 0x0000000706e00000, 0x0000000706e00000| Untracked 
|  56|0x0000000707000000, 0x0000000707000000, 0x0000000707200000|  0%| F|  |TAMS 0x0000000707000000, 0x0000000707000000| Untracked 
|  57|0x0000000707200000, 0x0000000707200000, 0x0000000707400000|  0%| F|  |TAMS 0x0000000707200000, 0x0000000707200000| Untracked 
|  58|0x0000000707400000, 0x0000000707400000, 0x0000000707600000|  0%| F|  |TAMS 0x0000000707400000, 0x0000000707400000| Untracked 
|  59|0x0000000707600000, 0x0000000707600000, 0x0000000707800000|  0%| F|  |TAMS 0x0000000707600000, 0x0000000707600000| Untracked 
|  60|0x0000000707800000, 0x0000000707800000, 0x0000000707a00000|  0%| F|  |TAMS 0x0000000707800000, 0x0000000707800000| Untracked 
|  61|0x0000000707a00000, 0x0000000707a00000, 0x0000000707c00000|  0%| F|  |TAMS 0x0000000707a00000, 0x0000000707a00000| Untracked 
|  62|0x0000000707c00000, 0x0000000707c00000, 0x0000000707e00000|  0%| F|  |TAMS 0x0000000707c00000, 0x0000000707c00000| Untracked 
|  63|0x0000000707e00000, 0x0000000707e00000, 0x0000000708000000|  0%| F|  |TAMS 0x0000000707e00000, 0x0000000707e00000| Untracked 
|  64|0x0000000708000000, 0x0000000708000000, 0x0000000708200000|  0%| F|  |TAMS 0x0000000708000000, 0x0000000708000000| Untracked 
|  65|0x0000000708200000, 0x0000000708200000, 0x0000000708400000|  0%| F|  |TAMS 0x0000000708200000, 0x0000000708200000| Untracked 
|  66|0x0000000708400000, 0x0000000708400000, 0x0000000708600000|  0%| F|  |TAMS 0x0000000708400000, 0x0000000708400000| Untracked 
|  67|0x0000000708600000, 0x0000000708600000, 0x0000000708800000|  0%| F|  |TAMS 0x0000000708600000, 0x0000000708600000| Untracked 
|  68|0x0000000708800000, 0x0000000708800000, 0x0000000708a00000|  0%| F|  |TAMS 0x0000000708800000, 0x0000000708800000| Untracked 
|  69|0x0000000708a00000, 0x0000000708a00000, 0x0000000708c00000|  0%| F|  |TAMS 0x0000000708a00000, 0x0000000708a00000| Untracked 
|  70|0x0000000708c00000, 0x0000000708c00000, 0x0000000708e00000|  0%| F|  |TAMS 0x0000000708c00000, 0x0000000708c00000| Untracked 
|  71|0x0000000708e00000, 0x0000000708e00000, 0x0000000709000000|  0%| F|  |TAMS 0x0000000708e00000, 0x0000000708e00000| Untracked 
|  72|0x0000000709000000, 0x0000000709000000, 0x0000000709200000|  0%| F|  |TAMS 0x0000000709000000, 0x0000000709000000| Untracked 
|  73|0x0000000709200000, 0x0000000709200000, 0x0000000709400000|  0%| F|  |TAMS 0x0000000709200000, 0x0000000709200000| Untracked 
|  74|0x0000000709400000, 0x0000000709400000, 0x0000000709600000|  0%| F|  |TAMS 0x0000000709400000, 0x0000000709400000| Untracked 
|  75|0x0000000709600000, 0x0000000709600000, 0x0000000709800000|  0%| F|  |TAMS 0x0000000709600000, 0x0000000709600000| Untracked 
|  76|0x0000000709800000, 0x0000000709800000, 0x0000000709a00000|  0%| F|  |TAMS 0x0000000709800000, 0x0000000709800000| Untracked 
|  77|0x0000000709a00000, 0x0000000709a00000, 0x0000000709c00000|  0%| F|  |TAMS 0x0000000709a00000, 0x0000000709a00000| Untracked 
|  78|0x0000000709c00000, 0x0000000709c00000, 0x0000000709e00000|  0%| F|  |TAMS 0x0000000709c00000, 0x0000000709c00000| Untracked 
|  79|0x0000000709e00000, 0x0000000709e00000, 0x000000070a000000|  0%| F|  |TAMS 0x0000000709e00000, 0x0000000709e00000| Untracked 
|  80|0x000000070a000000, 0x000000070a000000, 0x000000070a200000|  0%| F|  |TAMS 0x000000070a000000, 0x000000070a000000| Untracked 
|  81|0x000000070a200000, 0x000000070a200000, 0x000000070a400000|  0%| F|  |TAMS 0x000000070a200000, 0x000000070a200000| Untracked 
|  82|0x000000070a400000, 0x000000070a400000, 0x000000070a600000|  0%| F|  |TAMS 0x000000070a400000, 0x000000070a400000| Untracked 
|  83|0x000000070a600000, 0x000000070a600000, 0x000000070a800000|  0%| F|  |TAMS 0x000000070a600000, 0x000000070a600000| Untracked 
|  84|0x000000070a800000, 0x000000070a800000, 0x000000070aa00000|  0%| F|  |TAMS 0x000000070a800000, 0x000000070a800000| Untracked 
|  85|0x000000070aa00000, 0x000000070aa00000, 0x000000070ac00000|  0%| F|  |TAMS 0x000000070aa00000, 0x000000070aa00000| Untracked 
|  86|0x000000070ac00000, 0x000000070ac00000, 0x000000070ae00000|  0%| F|  |TAMS 0x000000070ac00000, 0x000000070ac00000| Untracked 
|  87|0x000000070ae00000, 0x000000070ae00000, 0x000000070b000000|  0%| F|  |TAMS 0x000000070ae00000, 0x000000070ae00000| Untracked 
|  88|0x000000070b000000, 0x000000070b000000, 0x000000070b200000|  0%| F|  |TAMS 0x000000070b000000, 0x000000070b000000| Untracked 
|  89|0x000000070b200000, 0x000000070b200000, 0x000000070b400000|  0%| F|  |TAMS 0x000000070b200000, 0x000000070b200000| Untracked 
|  90|0x000000070b400000, 0x000000070b400000, 0x000000070b600000|  0%| F|  |TAMS 0x000000070b400000, 0x000000070b400000| Untracked 
|  91|0x000000070b600000, 0x000000070b600000, 0x000000070b800000|  0%| F|  |TAMS 0x000000070b600000, 0x000000070b600000| Untracked 
|  92|0x000000070b800000, 0x000000070b800000, 0x000000070ba00000|  0%| F|  |TAMS 0x000000070b800000, 0x000000070b800000| Untracked 
|  93|0x000000070ba00000, 0x000000070ba00000, 0x000000070bc00000|  0%| F|  |TAMS 0x000000070ba00000, 0x000000070ba00000| Untracked 
|  94|0x000000070bc00000, 0x000000070bc00000, 0x000000070be00000|  0%| F|  |TAMS 0x000000070bc00000, 0x000000070bc00000| Untracked 
|  95|0x000000070be00000, 0x000000070be00000, 0x000000070c000000|  0%| F|  |TAMS 0x000000070be00000, 0x000000070be00000| Untracked 
|  96|0x000000070c000000, 0x000000070c000000, 0x000000070c200000|  0%| F|  |TAMS 0x000000070c000000, 0x000000070c000000| Untracked 
|  97|0x000000070c200000, 0x000000070c200000, 0x000000070c400000|  0%| F|  |TAMS 0x000000070c200000, 0x000000070c200000| Untracked 
|  98|0x000000070c400000, 0x000000070c400000, 0x000000070c600000|  0%| F|  |TAMS 0x000000070c400000, 0x000000070c400000| Untracked 
|  99|0x000000070c600000, 0x000000070c600000, 0x000000070c800000|  0%| F|  |TAMS 0x000000070c600000, 0x000000070c600000| Untracked 
| 100|0x000000070c800000, 0x000000070c800000, 0x000000070ca00000|  0%| F|  |TAMS 0x000000070c800000, 0x000000070c800000| Untracked 
| 101|0x000000070ca00000, 0x000000070ca00000, 0x000000070cc00000|  0%| F|  |TAMS 0x000000070ca00000, 0x000000070ca00000| Untracked 
| 102|0x000000070cc00000, 0x000000070cc00000, 0x000000070ce00000|  0%| F|  |TAMS 0x000000070cc00000, 0x000000070cc00000| Untracked 
| 103|0x000000070ce00000, 0x000000070ce00000, 0x000000070d000000|  0%| F|  |TAMS 0x000000070ce00000, 0x000000070ce00000| Untracked 
| 104|0x000000070d000000, 0x000000070d000000, 0x000000070d200000|  0%| F|  |TAMS 0x000000070d000000, 0x000000070d000000| Untracked 
| 105|0x000000070d200000, 0x000000070d200000, 0x000000070d400000|  0%| F|  |TAMS 0x000000070d200000, 0x000000070d200000| Untracked 
| 106|0x000000070d400000, 0x000000070d400000, 0x000000070d600000|  0%| F|  |TAMS 0x000000070d400000, 0x000000070d400000| Untracked 
| 107|0x000000070d600000, 0x000000070d600000, 0x000000070d800000|  0%| F|  |TAMS 0x000000070d600000, 0x000000070d600000| Untracked 
| 108|0x000000070d800000, 0x000000070d800000, 0x000000070da00000|  0%| F|  |TAMS 0x000000070d800000, 0x000000070d800000| Untracked 
| 109|0x000000070da00000, 0x000000070da00000, 0x000000070dc00000|  0%| F|  |TAMS 0x000000070da00000, 0x000000070da00000| Untracked 
| 110|0x000000070dc00000, 0x000000070dc00000, 0x000000070de00000|  0%| F|  |TAMS 0x000000070dc00000, 0x000000070dc00000| Untracked 
| 111|0x000000070de00000, 0x000000070de00000, 0x000000070e000000|  0%| F|  |TAMS 0x000000070de00000, 0x000000070de00000| Untracked 
| 112|0x000000070e000000, 0x000000070e000000, 0x000000070e200000|  0%| F|  |TAMS 0x000000070e000000, 0x000000070e000000| Untracked 
| 113|0x000000070e200000, 0x000000070e200000, 0x000000070e400000|  0%| F|  |TAMS 0x000000070e200000, 0x000000070e200000| Untracked 
| 114|0x000000070e400000, 0x000000070e400000, 0x000000070e600000|  0%| F|  |TAMS 0x000000070e400000, 0x000000070e400000| Untracked 
| 115|0x000000070e600000, 0x000000070e600000, 0x000000070e800000|  0%| F|  |TAMS 0x000000070e600000, 0x000000070e600000| Untracked 
| 116|0x000000070e800000, 0x000000070e800000, 0x000000070ea00000|  0%| F|  |TAMS 0x000000070e800000, 0x000000070e800000| Untracked 
| 117|0x000000070ea00000, 0x000000070ea00000, 0x000000070ec00000|  0%| F|  |TAMS 0x000000070ea00000, 0x000000070ea00000| Untracked 
| 118|0x000000070ec00000, 0x000000070ec00000, 0x000000070ee00000|  0%| F|  |TAMS 0x000000070ec00000, 0x000000070ec00000| Untracked 
| 119|0x000000070ee00000, 0x000000070ee00000, 0x000000070f000000|  0%| F|  |TAMS 0x000000070ee00000, 0x000000070ee00000| Untracked 
| 120|0x000000070f000000, 0x000000070f000000, 0x000000070f200000|  0%| F|  |TAMS 0x000000070f000000, 0x000000070f000000| Untracked 
| 121|0x000000070f200000, 0x000000070f200000, 0x000000070f400000|  0%| F|  |TAMS 0x000000070f200000, 0x000000070f200000| Untracked 
| 122|0x000000070f400000, 0x000000070f400000, 0x000000070f600000|  0%| F|  |TAMS 0x000000070f400000, 0x000000070f400000| Untracked 
| 123|0x000000070f600000, 0x000000070f600000, 0x000000070f800000|  0%| F|  |TAMS 0x000000070f600000, 0x000000070f600000| Untracked 
| 124|0x000000070f800000, 0x000000070f800000, 0x000000070fa00000|  0%| F|  |TAMS 0x000000070f800000, 0x000000070f800000| Untracked 
| 125|0x000000070fa00000, 0x000000070fa00000, 0x000000070fc00000|  0%| F|  |TAMS 0x000000070fa00000, 0x000000070fa00000| Untracked 
| 126|0x000000070fc00000, 0x000000070fc82bc8, 0x000000070fe00000| 25%| E|  |TAMS 0x000000070fc00000, 0x000000070fc00000| Complete 
| 127|0x000000070fe00000, 0x0000000710000000, 0x0000000710000000|100%| E|CS|TAMS 0x000000070fe00000, 0x000000070fe00000| Complete 
|1534|0x00000007bfc00000, 0x00000007bfd51000, 0x00000007bfe00000| 65%|OA|  |TAMS 0x00000007bfc00000, 0x00000007bfc00000| Untracked 
|1535|0x00000007bfe00000, 0x00000007bfe79000, 0x00000007c0000000| 23%|CA|  |TAMS 0x00000007bfe00000, 0x00000007bfe00000| Untracked 

Card table byte_map: [0x000000012c351000,0x000000012cb51000] _byte_map_base: 0x0000000128b51000

Marking Bits (Prev, Next): (CMBitMap*) 0x00007ffdcf83ae10, (CMBitMap*) 0x00007ffdcf83ae50
 Prev Bits: [0x000000012d351000, 0x0000000131351000)
 Next Bits: [0x0000000131351000, 0x0000000135351000)

Polling page: 0x000000010d25d000

Metaspace:

Usage:
  Non-class:      4.39 MB capacity,   526.77 KB ( 12%) used,     3.88 MB ( 88%) free+waste,   768 bytes ( <1%) overhead. 
      Class:    422.00 KB capacity,    30.85 KB (  7%) used,   390.84 KB ( 93%) free+waste,   320 bytes ( <1%) overhead. 
       Both:      4.81 MB capacity,   557.62 KB ( 11%) used,     4.26 MB ( 89%) free+waste,     1.06 KB ( <1%) overhead. 

Virtual space:
  Non-class space:        8.00 MB reserved,       4.50 MB ( 56%) committed 
      Class space:        1.00 GB reserved,     512.00 KB ( <1%) committed 
             Both:        1.01 GB reserved,       5.00 MB ( <1%) committed 

Chunk freelists:
   Non-Class:  28.00 KB
       Class:  10.00 KB
        Both:  38.00 KB

MaxMetaspaceSize: 17179869184.00 GB
CompressedClassSpaceSize: 1.00 GB

CodeHeap 'non-profiled nmethods': size=120028Kb used=29Kb max_used=29Kb free=119998Kb
 bounds [0x000000012461a000, 0x000000012488a000, 0x000000012bb51000]
CodeHeap 'profiled nmethods': size=120028Kb used=120Kb max_used=120Kb free=119907Kb
 bounds [0x000000011d0e3000, 0x000000011d353000, 0x000000012461a000]
CodeHeap 'non-nmethods': size=5704Kb used=1067Kb max_used=1090Kb free=4637Kb
 bounds [0x000000011cb51000, 0x000000011cdc1000, 0x000000011d0e3000]
 total_blobs=406 nmethods=109 adapters=211
 compilation: enabled
              stopped_count=0, restarted_count=0
 full_count=0

Compilation events (20 events):
Event: 0.107 Thread 0x00007ffdcf8ff400  100       3       java.nio.Buffer::checkSegment (17 bytes)
Event: 0.107 Thread 0x00007ffdcf8ff400 nmethod 100 0x000000011d0fe910 code [0x000000011d0feaa0, 0x000000011d0fec00]
Event: 0.107 Thread 0x00007ffdcf8ff400  101       3       java.nio.Buffer::hasRemaining (17 bytes)
Event: 0.107 Thread 0x00007ffdcf8ff400 nmethod 101 0x000000011d0fec90 code [0x000000011d0fee20, 0x000000011d0fef70]
Event: 0.107 Thread 0x00007ffdcf8ff400  102   !   3       java.nio.DirectByteBuffer::get (32 bytes)
Event: 0.107 Thread 0x00007ffdcf8ff400 nmethod 102 0x000000011d0ff010 code [0x000000011d0ff200, 0x000000011d0ff680]
Event: 0.108 Thread 0x00007ffdcf8ff400  103       3       java.lang.CharacterDataLatin1::getProperties (11 bytes)
Event: 0.108 Thread 0x00007ffdcf8ff400 nmethod 103 0x000000011d0ff910 code [0x000000011d0ffaa0, 0x000000011d0ffbd0]
Event: 0.109 Thread 0x00007ffdcf8ff400  104       3       java.util.zip.ZipFile$Source::getEntryHash (7 bytes)
Event: 0.109 Thread 0x00007ffdcf8ff400 nmethod 104 0x000000011d0ffc90 code [0x000000011d0ffe20, 0x000000011d0fff50]
Event: 0.109 Thread 0x00007ffdcf8ff400  105       3       java.lang.StringBuilder::append (8 bytes)
Event: 0.109 Thread 0x00007ffdcf8ff400 nmethod 105 0x000000011d100010 code [0x000000011d1001a0, 0x000000011d1002e0]
Event: 0.109 Thread 0x00007ffdcf8ff400  106       3       java.lang.AbstractStringBuilder::append (45 bytes)
Event: 0.110 Thread 0x00007ffdcf8ff400 nmethod 106 0x000000011d100390 code [0x000000011d1005a0, 0x000000011d100ab0]
Event: 0.110 Thread 0x00007ffdcf8ff400  107       3       java.util.zip.ZipFile$Source::getEntryNext (9 bytes)
Event: 0.110 Thread 0x00007ffdcf8ff400 nmethod 107 0x000000011d100d10 code [0x000000011d100ea0, 0x000000011d100fd0]
Event: 0.110 Thread 0x00007ffdcf8ff400  108       1       java.util.ArrayList::size (5 bytes)
Event: 0.110 Thread 0x00007ffdcf8ff400 nmethod 108 0x0000000124621090 code [0x0000000124621220, 0x00000001246212d0]
Event: 0.110 Thread 0x00007ffdcf8ff400  109       1       java.net.URL::getProtocol (5 bytes)
Event: 0.110 Thread 0x00007ffdcf8ff400 nmethod 109 0x0000000124621390 code [0x0000000124621520, 0x00000001246215d0]

GC Heap History (0 events):
No events

Deoptimization events (20 events):
Event: 0.096 Thread 0x00007ffdcf80a200 DEOPT PACKING pc=0x000000011d0f1ece sp=0x0000700000bd34b0
Event: 0.096 Thread 0x00007ffdcf80a200 DEOPT UNPACKING pc=0x000000011cb9ef2b sp=0x0000700000bd2970 mode 0
Event: 0.096 Thread 0x00007ffdcf80a200 DEOPT PACKING pc=0x000000011d0f1ece sp=0x0000700000bd34b0
Event: 0.096 Thread 0x00007ffdcf80a200 DEOPT UNPACKING pc=0x000000011cb9ef2b sp=0x0000700000bd2970 mode 0
Event: 0.096 Thread 0x00007ffdcf80a200 DEOPT PACKING pc=0x000000011d0f1ece sp=0x0000700000bd34b0
Event: 0.096 Thread 0x00007ffdcf80a200 DEOPT UNPACKING pc=0x000000011cb9ef2b sp=0x0000700000bd2970 mode 0
Event: 0.096 Thread 0x00007ffdcf80a200 DEOPT PACKING pc=0x000000011d0f1ece sp=0x0000700000bd34b0
Event: 0.096 Thread 0x00007ffdcf80a200 DEOPT UNPACKING pc=0x000000011cb9ef2b sp=0x0000700000bd2970 mode 0
Event: 0.096 Thread 0x00007ffdcf80a200 DEOPT PACKING pc=0x000000011d0f1ece sp=0x0000700000bd34b0
Event: 0.096 Thread 0x00007ffdcf80a200 DEOPT UNPACKING pc=0x000000011cb9ef2b sp=0x0000700000bd2970 mode 0
Event: 0.097 Thread 0x00007ffdcf80a200 DEOPT PACKING pc=0x000000011d0f1ece sp=0x0000700000bd34b0
Event: 0.097 Thread 0x00007ffdcf80a200 DEOPT UNPACKING pc=0x000000011cb9ef2b sp=0x0000700000bd2970 mode 0
Event: 0.097 Thread 0x00007ffdcf80a200 DEOPT PACKING pc=0x000000011d0f1ece sp=0x0000700000bd34b0
Event: 0.097 Thread 0x00007ffdcf80a200 DEOPT UNPACKING pc=0x000000011cb9ef2b sp=0x0000700000bd2970 mode 0
Event: 0.097 Thread 0x00007ffdcf80a200 DEOPT PACKING pc=0x000000011d0f1ece sp=0x0000700000bd34b0
Event: 0.097 Thread 0x00007ffdcf80a200 DEOPT UNPACKING pc=0x000000011cb9ef2b sp=0x0000700000bd2970 mode 0
Event: 0.097 Thread 0x00007ffdcf80a200 DEOPT PACKING pc=0x000000011d0f1ece sp=0x0000700000bd34b0
Event: 0.097 Thread 0x00007ffdcf80a200 DEOPT UNPACKING pc=0x000000011cb9ef2b sp=0x0000700000bd2970 mode 0
Event: 0.097 Thread 0x00007ffdcf80a200 DEOPT PACKING pc=0x000000011d0f1ece sp=0x0000700000bd34b0
Event: 0.097 Thread 0x00007ffdcf80a200 DEOPT UNPACKING pc=0x000000011cb9ef2b sp=0x0000700000bd2970 mode 0

Classes unloaded (0 events):
No events

Classes redefined (0 events):
No events

Internal exceptions (0 events):
No events

Events (20 events):
Event: 0.077 loading class jdk/internal/loader/URLClassPath$FileLoader done
Event: 0.081 Thread 0x00007ffdcf00e000 Thread added: 0x00007ffdcf00e000
Event: 0.081 Protecting memory [0x0000700001c0b000,0x0000700001c0f000] with protection modes 0
Event: 0.083 Loaded shared library /Library/Java/JavaVirtualMachines/jdk-15.0.1.jdk/Contents/Home/lib/libnio.dylib
Event: 0.089 Loaded shared library /Library/Java/JavaVirtualMachines/jdk-15.0.1.jdk/Contents/Home/lib/libzip.dylib
Event: 0.097 Thread 0x00007ffdd3009800 Thread added: 0x00007ffdd3009800
Event: 0.097 Protecting memory [0x0000700001d0e000,0x0000700001d12000] with protection modes 0
Event: 0.097 Executing VM operation: HandshakeAllThreads
Event: 0.097 Executing VM operation: HandshakeAllThreads done
Event: 0.099 loading class sun/security/util/ManifestEntryVerifier
Event: 0.099 loading class sun/security/util/ManifestEntryVerifier done
Event: 0.102 loading class jdk/internal/module/ModulePatcher$PatchedModuleReader
Event: 0.102 loading class jdk/internal/module/ModulePatcher$PatchedModuleReader done
Event: 0.103 Loaded shared library /Library/Java/JavaVirtualMachines/jdk-15.0.1.jdk/Contents/Home/lib/libjimage.dylib
Event: 0.104 loading class sun/net/www/protocol/jrt/Handler
Event: 0.104 loading class sun/net/www/protocol/jrt/Handler done
Event: 0.104 loading class java/lang/IllegalStateException
Event: 0.104 loading class java/lang/IllegalStateException done
Event: 0.112 loading class java/lang/Class$EnclosingMethodInfo
Event: 0.112 loading class java/lang/Class$EnclosingMethodInfo done


Dynamic libraries:
0x00007fff2a430000 	/usr/lib/libz.1.dylib
0x000000010d221000 	/Library/Java/JavaVirtualMachines/jdk-15.0.1.jdk/Contents/Home/lib/libjli.dylib
0x00007fff34e00000 	/System/Library/Frameworks/Cocoa.framework/Versions/A/Cocoa
0x00007fff221cc000 	/System/Library/Frameworks/Security.framework/Versions/A/Security
0x00007fff33023000 	/System/Library/Frameworks/ApplicationServices.framework/Versions/A/ApplicationServices
0x00007fff2a4f8000 	/usr/lib/libSystem.B.dylib
0x00007fff2a4f2000 	/usr/lib/system/libcache.dylib
0x00007fff2a4ae000 	/usr/lib/system/libcommonCrypto.dylib
0x00007fff2a4d8000 	/usr/lib/system/libcompiler_rt.dylib
0x00007fff2a4cd000 	/usr/lib/system/libcopyfile.dylib
0x00007fff200cd000 	/usr/lib/system/libcorecrypto.dylib
0x00007fff20198000 	/usr/lib/system/libdispatch.dylib
0x00007fff2034b000 	/usr/lib/system/libdyld.dylib
0x00007fff2a4e9000 	/usr/lib/system/libkeymgr.dylib
0x00007fff2d8ee000 	/usr/lib/system/liblaunch.dylib
0x00007fff2a48c000 	/usr/lib/system/libmacho.dylib
0x00007fff29c84000 	/usr/lib/system/libquarantine.dylib
0x00007fff2a4e6000 	/usr/lib/system/libremovefile.dylib
0x00007fff24b9a000 	/usr/lib/system/libsystem_asl.dylib
0x00007fff2007d000 	/usr/lib/system/libsystem_blocks.dylib
0x00007fff2021a000 	/usr/lib/system/libsystem_c.dylib
0x00007fff2a4e0000 	/usr/lib/system/libsystem_collections.dylib
0x00007fff28f8a000 	/usr/lib/system/libsystem_configuration.dylib
0x00007fff28277000 	/usr/lib/system/libsystem_containermanager.dylib
0x00007fff2a22f000 	/usr/lib/system/libsystem_coreservices.dylib
0x00007fff22781000 	/usr/lib/system/libsystem_darwin.dylib
0x00007fff2a4ea000 	/usr/lib/system/libsystem_dnssd.dylib
0x00007fff20217000 	/usr/lib/system/libsystem_featureflags.dylib
0x00007fff20391000 	/usr/lib/system/libsystem_info.dylib
0x00007fff2a443000 	/usr/lib/system/libsystem_m.dylib
0x00007fff2016b000 	/usr/lib/system/libsystem_malloc.dylib
0x00007fff24b2d000 	/usr/lib/system/libsystem_networkextension.dylib
0x00007fff22ba0000 	/usr/lib/system/libsystem_notify.dylib
0x00007fff2fd72000 	/usr/lib/system/libsystem_product_info_filter.dylib
0x00007fff28f8e000 	/usr/lib/system/libsystem_sandbox.dylib
0x00007fff2a4e3000 	/usr/lib/system/libsystem_secinit.dylib
0x00007fff2030f000 	/usr/lib/system/libsystem_kernel.dylib
0x00007fff20387000 	/usr/lib/system/libsystem_platform.dylib
0x00007fff2033f000 	/usr/lib/system/libsystem_pthread.dylib
0x00007fff26274000 	/usr/lib/system/libsystem_symptoms.dylib
0x00007fff200b5000 	/usr/lib/system/libsystem_trace.dylib
0x00007fff2a4ba000 	/usr/lib/system/libunwind.dylib
0x00007fff2007f000 	/usr/lib/system/libxpc.dylib
0x00007fff202f9000 	/usr/lib/libc++abi.dylib
0x00007fff201dd000 	/usr/lib/libobjc.A.dylib
0x00007fff2a4c5000 	/usr/lib/liboah.dylib
0x00007fff202a3000 	/usr/lib/libc++.1.dylib
0x00007fff203bd000 	/System/Library/Frameworks/CoreFoundation.framework/Versions/A/CoreFoundation
0x00007fff21167000 	/System/Library/Frameworks/Foundation.framework/Versions/C/Foundation
0x00007fff22bfa000 	/System/Library/Frameworks/AppKit.framework/Versions/C/AppKit
0x00007fff25ab0000 	/System/Library/Frameworks/CoreData.framework/Versions/A/CoreData
0x00007fff23942000 	/System/Library/PrivateFrameworks/UIFoundation.framework/Versions/A/UIFoundation
0x00007fff2fb05000 	/System/Library/PrivateFrameworks/RemoteViewServices.framework/Versions/A/RemoteViewServices
0x00007fff2893d000 	/System/Library/PrivateFrameworks/XCTTargetBootstrap.framework/Versions/A/XCTTargetBootstrap
0x00007fff2b618000 	/usr/lib/libspindump.dylib
0x00007fff23b91000 	/System/Library/Frameworks/UniformTypeIdentifiers.framework/Versions/A/UniformTypeIdentifiers
0x00007fff27141000 	/usr/lib/libapp_launch_measurement.dylib
0x00007fff27144000 	/System/Library/PrivateFrameworks/CoreAutoLayout.framework/Versions/A/CoreAutoLayout
0x00007fff282a4000 	/System/Library/Frameworks/Metal.framework/Versions/A/Metal
0x00007fff28f99000 	/usr/lib/liblangid.dylib
0x00007fff28941000 	/System/Library/PrivateFrameworks/CoreSVG.framework/Versions/A/CoreSVG
0x00007fff24bc9000 	/System/Library/PrivateFrameworks/SkyLight.framework/Versions/A/SkyLight
0x00007fff24f2d000 	/System/Library/Frameworks/CoreGraphics.framework/Versions/A/CoreGraphics
0x00007fff30027000 	/System/Library/Frameworks/Accelerate.framework/Versions/A/Accelerate
0x00007fff2b057000 	/System/Library/PrivateFrameworks/IconServices.framework/Versions/A/IconServices
0x00007fff28288000 	/System/Library/Frameworks/IOSurface.framework/Versions/A/IOSurface
0x00007fff26431000 	/usr/lib/libDiagnosticMessagesClient.dylib
0x00007fff28929000 	/System/Library/PrivateFrameworks/DFRFoundation.framework/Versions/A/DFRFoundation
0x00007fff22521000 	/usr/lib/libicucore.A.dylib
0x00007fff2cb57000 	/System/Library/Frameworks/AudioToolbox.framework/Versions/A/AudioToolbox
0x00007fff2bde9000 	/System/Library/PrivateFrameworks/DataDetectorsCore.framework/Versions/A/DataDetectorsCore
0x00007fff24b3d000 	/usr/lib/libMobileGestalt.dylib
0x00007fff2862d000 	/System/Library/Frameworks/Carbon.framework/Versions/A/Frameworks/HIToolbox.framework/Versions/A/HIToolbox
0x00007fff26b8b000 	/System/Library/Frameworks/QuartzCore.framework/Versions/A/QuartzCore
0x00007fff2fb3d000 	/System/Library/Frameworks/Carbon.framework/Versions/A/Frameworks/SpeechRecognition.framework/Versions/A/SpeechRecognition
0x00007fff26eaa000 	/System/Library/PrivateFrameworks/CoreUI.framework/Versions/A/CoreUI
0x00007fff21b3b000 	/System/Library/Frameworks/CoreAudio.framework/Versions/A/CoreAudio
0x00007fff2651c000 	/System/Library/Frameworks/DiskArbitration.framework/Versions/A/DiskArbitration
0x00007fff2b9e6000 	/System/Library/PrivateFrameworks/MultitouchSupport.framework/Versions/A/MultitouchSupport
0x00007fff2bde0000 	/System/Library/PrivateFrameworks/InternationalSupport.framework/Versions/A/InternationalSupport
0x00007fff24b3c000 	/usr/lib/libenergytrace.dylib
0x00007fff22af1000 	/System/Library/Frameworks/IOKit.framework/Versions/A/IOKit
0x00007fff2fe70000 	/System/Library/Frameworks/CoreServices.framework/Versions/A/CoreServices
0x00007fff270d7000 	/System/Library/PrivateFrameworks/PerformanceAnalysis.framework/Versions/A/PerformanceAnalysis
0x00007fff6b8ac000 	/System/Library/Frameworks/OpenGL.framework/Versions/A/OpenGL
0x00007fff2be64000 	/System/Library/PrivateFrameworks/UserActivity.framework/Versions/A/UserActivity
0x00007fff255b7000 	/System/Library/Frameworks/ColorSync.framework/Versions/A/ColorSync
0x00007fff28ba7000 	/System/Library/Frameworks/CoreImage.framework/Versions/A/CoreImage
0x00007fff21956000 	/System/Library/Frameworks/CoreText.framework/Versions/A/CoreText
0x00007fff2896b000 	/System/Library/Frameworks/ImageIO.framework/Versions/A/ImageIO
0x00007fff2a4fe000 	/System/Library/PrivateFrameworks/SoftLinking.framework/Versions/A/SoftLinking
0x00007fff2718c000 	/usr/lib/libxml2.2.dylib
0x00007fff2a76f000 	/usr/lib/libcompression.dylib
0x00007fff2bd12000 	/System/Library/PrivateFrameworks/TextureIO.framework/Versions/A/TextureIO
0x00007fff2ad96000 	/usr/lib/libate.dylib
0x00007fff2ab7c000 	/usr/lib/liblzma.5.dylib
0x00007fff20e7b000 	/System/Library/Frameworks/SystemConfiguration.framework/Versions/A/SystemConfiguration
0x00007fff2a4fa000 	/usr/lib/libfakelink.dylib
0x00007fff2468e000 	/System/Library/Frameworks/CFNetwork.framework/Versions/A/CFNetwork
0x00007fff2a63a000 	/usr/lib/libarchive.2.dylib
0x00007fff20ef9000 	/usr/lib/libCRFSuite.dylib
0x00007fff29cab000 	/usr/lib/libbsm.0.dylib
0x00007fff2400e000 	/usr/lib/libnetwork.dylib
0x00007fff2a4ff000 	/usr/lib/libpcap.A.dylib
0x00007fff2626d000 	/usr/lib/libdns_services.dylib
0x00007fff2ab95000 	/usr/lib/libcoretls_cfhelpers.dylib
0x00007fff2a739000 	/usr/lib/libapple_nghttp2.dylib
0x00007fff2a492000 	/usr/lib/system/libkxld.dylib
0x00007fff25ee6000 	/usr/lib/libsqlite3.dylib
0x00007fff2a212000 	/System/Library/PrivateFrameworks/AppleFSCompression.framework/Versions/A/AppleFSCompression
0x00007fff29c93000 	/usr/lib/libcoretls.dylib
0x00007fff2a76a000 	/usr/lib/libpam.2.dylib
0x00007fff2ac92000 	/usr/lib/libxar.1.dylib
0x00007fff28f95000 	/System/Library/PrivateFrameworks/AppleSystemInfo.framework/Versions/A/AppleSystemInfo
0x00007fff298d5000 	/System/Library/PrivateFrameworks/IOMobileFramebuffer.framework/Versions/A/IOMobileFramebuffer
0x00007fff2a222000 	/usr/lib/libbz2.1.0.dylib
0x00007fff2a537000 	/usr/lib/libiconv.2.dylib
0x00007fff2a48b000 	/usr/lib/libcharset.1.dylib
0x00007fff27113000 	/System/Library/Frameworks/CoreServices.framework/Versions/A/Frameworks/FSEvents.framework/Versions/A/FSEvents
0x00007fff2278b000 	/System/Library/Frameworks/CoreServices.framework/Versions/A/Frameworks/CarbonCore.framework/Versions/A/CarbonCore
0x00007fff26481000 	/System/Library/Frameworks/CoreServices.framework/Versions/A/Frameworks/Metadata.framework/Versions/A/Metadata
0x00007fff2a234000 	/System/Library/Frameworks/CoreServices.framework/Versions/A/Frameworks/OSServices.framework/Versions/A/OSServices
0x00007fff2a6ac000 	/System/Library/Frameworks/CoreServices.framework/Versions/A/Frameworks/SearchKit.framework/Versions/A/SearchKit
0x00007fff261f8000 	/System/Library/Frameworks/CoreServices.framework/Versions/A/Frameworks/AE.framework/Versions/A/AE
0x00007fff2085b000 	/System/Library/Frameworks/CoreServices.framework/Versions/A/Frameworks/LaunchServices.framework/Versions/A/LaunchServices
0x00007fff2ab2c000 	/System/Library/Frameworks/CoreServices.framework/Versions/A/Frameworks/DictionaryServices.framework/Versions/A/DictionaryServices
0x00007fff2711c000 	/System/Library/Frameworks/CoreServices.framework/Versions/A/Frameworks/SharedFileList.framework/Versions/A/SharedFileList
0x00007fff29c87000 	/usr/lib/libCheckFix.dylib
0x00007fff24bb1000 	/System/Library/PrivateFrameworks/TCC.framework/Versions/A/TCC
0x00007fff28f9b000 	/System/Library/PrivateFrameworks/CoreNLP.framework/Versions/A/CoreNLP
0x00007fff26434000 	/System/Library/PrivateFrameworks/MetadataUtilities.framework/Versions/A/MetadataUtilities
0x00007fff20f2e000 	/usr/lib/libmecabra.dylib
0x00007fff29f91000 	/System/Library/Frameworks/MLCompute.framework/Versions/A/MLCompute
0x00007fff29cbc000 	/usr/lib/libmecab.dylib
0x00007fff29d06000 	/usr/lib/libgermantok.dylib
0x00007fff2a714000 	/usr/lib/libThaiTokenizer.dylib
0x00007fff2accd000 	/usr/lib/libChineseTokenizer.dylib
0x00007fff2a768000 	/System/Library/Frameworks/MetalPerformanceShaders.framework/Versions/A/MetalPerformanceShaders
0x00007fff26523000 	/System/Library/Frameworks/Accelerate.framework/Versions/A/Frameworks/vImage.framework/Versions/A/vImage
0x00007fff2fe4a000 	/System/Library/Frameworks/Accelerate.framework/Versions/A/Frameworks/vecLib.framework/Versions/A/vecLib
0x00007fff2acd8000 	/System/Library/Frameworks/Accelerate.framework/Versions/A/Frameworks/vecLib.framework/Versions/A/libvMisc.dylib
0x00007fff296f0000 	/System/Library/Frameworks/Accelerate.framework/Versions/A/Frameworks/vecLib.framework/Versions/A/libvDSP.dylib
0x00007fff20b62000 	/System/Library/Frameworks/Accelerate.framework/Versions/A/Frameworks/vecLib.framework/Versions/A/libBLAS.dylib
0x00007fff2a78e000 	/System/Library/Frameworks/Accelerate.framework/Versions/A/Frameworks/vecLib.framework/Versions/A/libLAPACK.dylib
0x00007fff29d0c000 	/System/Library/Frameworks/Accelerate.framework/Versions/A/Frameworks/vecLib.framework/Versions/A/libLinearAlgebra.dylib
0x00007fff2a751000 	/System/Library/Frameworks/Accelerate.framework/Versions/A/Frameworks/vecLib.framework/Versions/A/libSparseBLAS.dylib
0x00007fff2a788000 	/System/Library/Frameworks/Accelerate.framework/Versions/A/Frameworks/vecLib.framework/Versions/A/libQuadrature.dylib
0x00007fff29047000 	/System/Library/Frameworks/Accelerate.framework/Versions/A/Frameworks/vecLib.framework/Versions/A/libBNNS.dylib
0x00007fff20e0c000 	/System/Library/Frameworks/Accelerate.framework/Versions/A/Frameworks/vecLib.framework/Versions/A/libSparse.dylib
0x00007fff28f23000 	/System/Library/Frameworks/MetalPerformanceShaders.framework/Versions/A/Frameworks/MPSCore.framework/Versions/A/MPSCore
0x00007fff2a181000 	/System/Library/Frameworks/MetalPerformanceShaders.framework/Versions/A/Frameworks/MPSImage.framework/Versions/A/MPSImage
0x00007fff29d22000 	/System/Library/Frameworks/MetalPerformanceShaders.framework/Versions/A/Frameworks/MPSNeuralNetwork.framework/Versions/A/MPSNeuralNetwork
0x00007fff2a0f3000 	/System/Library/Frameworks/MetalPerformanceShaders.framework/Versions/A/Frameworks/MPSMatrix.framework/Versions/A/MPSMatrix
0x00007fff29f41000 	/System/Library/Frameworks/MetalPerformanceShaders.framework/Versions/A/Frameworks/MPSRayIntersector.framework/Versions/A/MPSRayIntersector
0x00007fff2a12a000 	/System/Library/Frameworks/MetalPerformanceShaders.framework/Versions/A/Frameworks/MPSNDArray.framework/Versions/A/MPSNDArray
0x00007fff20a8e000 	/System/Library/PrivateFrameworks/MetalTools.framework/Versions/A/MetalTools
0x00007fff28f93000 	/System/Library/PrivateFrameworks/AggregateDictionary.framework/Versions/A/AggregateDictionary
0x00007fff26401000 	/System/Library/PrivateFrameworks/CoreAnalytics.framework/Versions/A/CoreAnalytics
0x00007fff2a716000 	/System/Library/PrivateFrameworks/AppleSauce.framework/Versions/A/AppleSauce
0x00007fff2829a000 	/System/Library/PrivateFrameworks/IOAccelerator.framework/Versions/A/IOAccelerator
0x00007fff6b8a0000 	/System/Library/Frameworks/OpenGL.framework/Versions/A/Libraries/libCoreFSCache.dylib
0x00007fff214c5000 	/System/Library/PrivateFrameworks/LanguageModeling.framework/Versions/A/LanguageModeling
0x00007fff298c3000 	/System/Library/PrivateFrameworks/CoreEmoji.framework/Versions/A/CoreEmoji
0x00007fff29040000 	/System/Library/PrivateFrameworks/LinguisticData.framework/Versions/A/LinguisticData
0x00007fff20dbf000 	/System/Library/PrivateFrameworks/Lexicon.framework/Versions/A/Lexicon
0x00007fff2a628000 	/usr/lib/libcmph.dylib
0x00007fff270f3000 	/System/Library/Frameworks/OpenDirectory.framework/Versions/A/Frameworks/CFOpenDirectory.framework/Versions/A/CFOpenDirectory
0x00007fff270e3000 	/System/Library/Frameworks/OpenDirectory.framework/Versions/A/OpenDirectory
0x00007fff2ab97000 	/System/Library/PrivateFrameworks/APFS.framework/Versions/A/APFS
0x00007fff29be9000 	/System/Library/Frameworks/SecurityFoundation.framework/Versions/A/SecurityFoundation
0x00007fff2aca0000 	/usr/lib/libutil.dylib
0x00007fff22ab6000 	/System/Library/PrivateFrameworks/CoreServicesStore.framework/Versions/A/CoreServicesStore
0x00007fff29c7f000 	/System/Library/Frameworks/ServiceManagement.framework/Versions/A/ServiceManagement
0x00007fff2aca4000 	/usr/lib/libxslt.1.dylib
0x00007fff29c75000 	/System/Library/PrivateFrameworks/BackgroundTaskManagement.framework/Versions/A/BackgroundTaskManagement
0x00007fff2bc5c000 	/System/Library/Frameworks/ImageIO.framework/Versions/A/Resources/libRadiance.dylib
0x00007fff2bc66000 	/System/Library/Frameworks/ImageIO.framework/Versions/A/Resources/libJPEG.dylib
0x00007fff2bbb0000 	/System/Library/Frameworks/ImageIO.framework/Versions/A/Resources/libPng.dylib
0x00007fff2bbd7000 	/System/Library/Frameworks/ImageIO.framework/Versions/A/Resources/libTIFF.dylib
0x00007fff2bcbb000 	/System/Library/Frameworks/ImageIO.framework/Versions/A/Resources/libGIF.dylib
0x00007fff2b902000 	/System/Library/Frameworks/ImageIO.framework/Versions/A/Resources/libJP2.dylib
0x00007fff2b01f000 	/usr/lib/libexpat.1.dylib
0x00007fff2b8b8000 	/System/Library/PrivateFrameworks/AppleJPEG.framework/Versions/A/AppleJPEG
0x00007fff284d0000 	/System/Library/PrivateFrameworks/FontServices.framework/libFontParser.dylib
0x00007fff261af000 	/System/Library/PrivateFrameworks/RunningBoardServices.framework/Versions/A/RunningBoardServices
0x00007fff2b9e2000 	/System/Library/PrivateFrameworks/WatchdogClient.framework/Versions/A/WatchdogClient
0x00007fff215ae000 	/System/Library/Frameworks/CoreDisplay.framework/Versions/A/CoreDisplay
0x00007fff283e5000 	/System/Library/Frameworks/CoreMedia.framework/Versions/A/CoreMedia
0x00007fff2726f000 	/System/Library/Frameworks/CoreVideo.framework/Versions/A/CoreVideo
0x00007fff2ba1d000 	/System/Library/Frameworks/VideoToolbox.framework/Versions/A/VideoToolbox
0x00007fff2612f000 	/System/Library/PrivateFrameworks/BaseBoard.framework/Versions/A/BaseBoard
0x00007fff2b162000 	/System/Library/PrivateFrameworks/PersistentConnection.framework/Versions/A/PersistentConnection
0x00007fff25ed0000 	/System/Library/PrivateFrameworks/ProtocolBuffer.framework/Versions/A/ProtocolBuffer
0x00007fff26117000 	/System/Library/PrivateFrameworks/CommonUtilities.framework/Versions/A/CommonUtilities
0x00007fff2b87b000 	/System/Library/PrivateFrameworks/Bom.framework/Versions/A/Bom
0x00007fff2bc54000 	/System/Library/PrivateFrameworks/GPUWrangler.framework/Versions/A/GPUWrangler
0x00007fff2bc37000 	/System/Library/PrivateFrameworks/IOPresentment.framework/Versions/A/IOPresentment
0x00007fff2bc60000 	/System/Library/PrivateFrameworks/DSExternalDisplay.framework/Versions/A/DSExternalDisplay
0x00007fff2bcc0000 	/System/Library/PrivateFrameworks/CMCaptureCore.framework/Versions/A/CMCaptureCore
0x00007fff2b5fe000 	/System/Library/PrivateFrameworks/AppServerSupport.framework/Versions/A/AppServerSupport
0x00007fff2d691000 	/System/Library/PrivateFrameworks/perfdata.framework/Versions/A/perfdata
0x00007fff29bd8000 	/System/Library/PrivateFrameworks/AssertionServices.framework/Versions/A/AssertionServices
0x00007fff216e5000 	/System/Library/PrivateFrameworks/AudioToolboxCore.framework/Versions/A/AudioToolboxCore
0x00007fff283c8000 	/System/Library/PrivateFrameworks/caulk.framework/Versions/A/caulk
0x00007fff3ca86000 	/System/Library/PrivateFrameworks/SystemPolicy.framework/Versions/A/SystemPolicy
0x00007fff2ae2e000 	/usr/lib/libIOReport.dylib
0x00007fff2cecd000 	/usr/lib/libSMC.dylib
0x00007fff2bb7c000 	/usr/lib/libAudioToolboxUtility.dylib
0x00007fff3d3e1000 	/usr/lib/libmis.dylib
0x00007fff6b8fc000 	/System/Library/Frameworks/OpenGL.framework/Versions/A/Libraries/libGLU.dylib
0x00007fff6b8bf000 	/System/Library/Frameworks/OpenGL.framework/Versions/A/Libraries/libGFXShared.dylib
0x00007fff6bacd000 	/System/Library/Frameworks/OpenGL.framework/Versions/A/Libraries/libGL.dylib
0x00007fff6b8c8000 	/System/Library/Frameworks/OpenGL.framework/Versions/A/Libraries/libGLImage.dylib
0x00007fff6b8bc000 	/System/Library/Frameworks/OpenGL.framework/Versions/A/Libraries/libCVMSPluginSupport.dylib
0x00007fff6b8a7000 	/System/Library/Frameworks/OpenGL.framework/Versions/A/Libraries/libCoreVMClient.dylib
0x00007fff6cf17000 	/System/Library/Frameworks/OpenCL.framework/Versions/A/OpenCL
0x00007fff2b18b000 	/System/Library/PrivateFrameworks/GraphVisualizer.framework/Versions/A/GraphVisualizer
0x00007fff2b19a000 	/System/Library/PrivateFrameworks/FaceCore.framework/Versions/A/FaceCore
0x00007fff2b5b6000 	/System/Library/PrivateFrameworks/OTSVG.framework/Versions/A/OTSVG
0x00007fff26e68000 	/System/Library/Frameworks/ApplicationServices.framework/Versions/A/Frameworks/ATS.framework/Versions/A/Resources/libFontRegistry.dylib
0x00007fff2b605000 	/System/Library/PrivateFrameworks/FontServices.framework/libhvf.dylib
0x00007fff2afcb000 	/System/Library/PrivateFrameworks/AppleVA.framework/Versions/A/AppleVA
0x00007fff2cd15000 	/System/Library/Frameworks/ApplicationServices.framework/Versions/A/Frameworks/ATS.framework/Versions/A/ATS
0x00007fff2d028000 	/System/Library/Frameworks/ApplicationServices.framework/Versions/A/Frameworks/ColorSyncLegacy.framework/Versions/A/ColorSyncLegacy
0x00007fff256ae000 	/System/Library/Frameworks/ApplicationServices.framework/Versions/A/Frameworks/HIServices.framework/Versions/A/HIServices
0x00007fff2d00d000 	/System/Library/Frameworks/ApplicationServices.framework/Versions/A/Frameworks/LangAnalysis.framework/Versions/A/LangAnalysis
0x00007fff2bcca000 	/System/Library/Frameworks/ApplicationServices.framework/Versions/A/Frameworks/PrintCore.framework/Versions/A/PrintCore
0x00007fff2d030000 	/System/Library/Frameworks/ApplicationServices.framework/Versions/A/Frameworks/QD.framework/Versions/A/QD
0x00007fff2cd05000 	/System/Library/Frameworks/ApplicationServices.framework/Versions/A/Frameworks/SpeechSynthesis.framework/Versions/A/SpeechSynthesis
0x00007fff2bc8b000 	/System/Library/Frameworks/ApplicationServices.framework/Versions/A/Frameworks/ATSUI.framework/Versions/A/ATSUI
0x00007fff2cfad000 	/usr/lib/libcups.2.dylib
0x00007fff2d01d000 	/System/Library/PrivateFrameworks/NetAuth.framework/Versions/A/NetAuth
0x00007fff2d6ac000 	/System/Library/Frameworks/Kerberos.framework/Versions/A/Kerberos
0x00007fff2d6bc000 	/System/Library/Frameworks/GSS.framework/Versions/A/GSS
0x00007fff2cd82000 	/usr/lib/libresolv.9.dylib
0x00007fff2b61b000 	/System/Library/PrivateFrameworks/Heimdal.framework/Versions/A/Heimdal
0x00007fff33338000 	/System/Library/Frameworks/Kerberos.framework/Versions/A/Libraries/libHeimdalProxy.dylib
0x00007fff2627c000 	/System/Library/Frameworks/Network.framework/Versions/A/Network
0x00007fff2b038000 	/usr/lib/libheimdal-asn1.dylib
0x00007fff2d70d000 	/System/Library/PrivateFrameworks/CommonAuth.framework/Versions/A/CommonAuth
0x00007fff272bd000 	/System/Library/PrivateFrameworks/login.framework/Versions/A/Frameworks/loginsupport.framework/Versions/A/loginsupport
0x00007fff2cc8c000 	/System/Library/PrivateFrameworks/AudioSession.framework/Versions/A/AudioSession
0x00007fff2ccf2000 	/usr/lib/libAudioStatistics.dylib
0x00007fff2b0c4000 	/System/Library/PrivateFrameworks/MediaExperience.framework/Versions/A/MediaExperience
0x00007fff2cb25000 	/System/Library/PrivateFrameworks/AudioSession.framework/libSessionUtility.dylib
0x00007fff2d69d000 	/usr/lib/libperfcheck.dylib
0x00007fff2d03c000 	/System/Library/PrivateFrameworks/AudioResourceArbitration.framework/Versions/A/AudioResourceArbitration
0x00007fff2b042000 	/System/Library/PrivateFrameworks/IconFoundation.framework/Versions/A/IconFoundation
0x00007fff2fb2d000 	/System/Library/PrivateFrameworks/SpeechRecognitionCore.framework/Versions/A/SpeechRecognitionCore
0x0000000113a93000 	/Library/Java/JavaVirtualMachines/jdk-15.0.1.jdk/Contents/Home/lib/server/libjvm.dylib
0x000000010d251000 	/Library/Java/JavaVirtualMachines/jdk-15.0.1.jdk/Contents/Home/lib/libjimage.dylib
0x000000010d2a7000 	/Library/Java/JavaVirtualMachines/jdk-15.0.1.jdk/Contents/Home/lib/libjava.dylib
0x000000010d54a000 	/Library/Java/JavaVirtualMachines/jdk-15.0.1.jdk/Contents/Home/lib/libnio.dylib
0x000000010d55e000 	/Library/Java/JavaVirtualMachines/jdk-15.0.1.jdk/Contents/Home/lib/libnet.dylib
0x000000010d577000 	/Library/Java/JavaVirtualMachines/jdk-15.0.1.jdk/Contents/Home/lib/libzip.dylib


VM Arguments:
jvm_args: -Dfile.encoding=UTF-8 -XX:+ShowCodeDetailsInExceptionMessages 
java_command: oracle.jdbc.driver.JavaToJavaConverter$117
java_class_path (initial): /Users/isaac/Documents/isaacProject/TeamProject/lastProject/target/classes:/Users/isaac/.m2/repository/org/springframework/spring-context/5.0.7.RELEASE/spring-context-5.0.7.RELEASE.jar:/Users/isaac/.m2/repository/org/springframework/spring-aop/5.0.7.RELEASE/spring-aop-5.0.7.RELEASE.jar:/Users/isaac/.m2/repository/org/springframework/spring-beans/5.0.7.RELEASE/spring-beans-5.0.7.RELEASE.jar:/Users/isaac/.m2/repository/org/springframework/spring-core/5.0.7.RELEASE/spring-core-5.0.7.RELEASE.jar:/Users/isaac/.m2/repository/org/springframework/spring-jcl/5.0.7.RELEASE/spring-jcl-5.0.7.RELEASE.jar:/Users/isaac/.m2/repository/org/springframework/spring-expression/5.0.7.RELEASE/spring-expression-5.0.7.RELEASE.jar:/Users/isaac/.m2/repository/org/springframework/spring-webmvc/5.0.7.RELEASE/spring-webmvc-5.0.7.RELEASE.jar:/Users/isaac/.m2/repository/org/springframework/spring-web/5.0.7.RELEASE/spring-web-5.0.7.RELEASE.jar:/Users/isaac/.m2/repository/org/springframework/spring-tx/5.0.7.RELEASE/spring-tx-5.0.7.RELEASE.jar:/Users/isaac/.m2/repository/org/springframework/spring-jdbc/5.0.7.RELEASE/spring-jdbc-5.0.7.RELEASE.jar:/Users/isaac/.m2/repository/org/springframework/spring-test/5.0.7.RELEASE/spring-test-5.0.7.RELEASE.jar:/Users/isaac/.m2/repository/org/projectlombok/lombok/1.18.20/lombok-1.18.20.jar:/Users/isaac/.m2/repository/com/oracle/ojdbc/8.0/ojdbc-8.0.jar:/Users/isaac/.m2/repository/com/zaxxer/HikariCP/3.3.1/HikariCP-3.3.1.jar:/Users/isaac/.m2/repository/org/mybatis/mybatis/3.5.3/mybatis-3.5.3.jar:/Users/isaac/.m2/repository/org/mybatis/mybatis-spring/1.3.2/mybatis-spring-1.3.2.jar:/Users/isaac/.m2/repository/org/bgee/log4jdbc-log4j2/log4jdbc-log4j2-jdbc4/1.16/log4jdbc-log4j2-jdbc4-1.16.jar:/Users/isaac/.m2/repository/com/fasterxml/jackson/core/jackson-databind/2.9.9/jackson-databind-2.9.9.jar:/Users/isaac/.m2/repository/com/fasterxml/jackson/core/jackson-annotations/2.9.0/jackson-annotations-2.9.0.jar:/Users/isaac/.m2/repository/com/faste
Launcher Type: SUN_STANDARD

[Global flags]
     intx CICompilerCount                          = 4                                         {product} {ergonomic}
     uint ConcGCThreads                            = 3                                         {product} {ergonomic}
     uint G1ConcRefinementThreads                  = 10                                        {product} {ergonomic}
   size_t G1HeapRegionSize                         = 2097152                                   {product} {ergonomic}
    uintx GCDrainStackTargetSize                   = 64                                        {product} {ergonomic}
   size_t InitialHeapSize                          = 268435456                                 {product} {ergonomic}
   size_t MarkStackSize                            = 4194304                                   {product} {ergonomic}
   size_t MaxHeapSize                              = 4294967296                                {product} {ergonomic}
   size_t MaxNewSize                               = 2575302656                                {product} {ergonomic}
   size_t MinHeapDeltaBytes                        = 2097152                                   {product} {ergonomic}
   size_t MinHeapSize                              = 8388608                                   {product} {ergonomic}
    uintx NonNMethodCodeHeapSize                   = 5839372                                {pd product} {ergonomic}
    uintx NonProfiledCodeHeapSize                  = 122909434                              {pd product} {ergonomic}
    uintx ProfiledCodeHeapSize                     = 122909434                              {pd product} {ergonomic}
    uintx ReservedCodeCacheSize                    = 251658240                              {pd product} {ergonomic}
     bool SegmentedCodeCache                       = true                                      {product} {ergonomic}
     bool ShowCodeDetailsInExceptionMessages       = true                                   {manageable} {command line}
   size_t SoftMaxHeapSize                          = 4294967296                             {manageable} {ergonomic}
     bool UseCompressedClassPointers               = true                                 {lp64_product} {ergonomic}
     bool UseCompressedOops                        = true                                 {lp64_product} {ergonomic}
     bool UseG1GC                                  = true                                      {product} {ergonomic}
     bool UseNUMA                                  = false                                     {product} {ergonomic}
     bool UseNUMAInterleaving                      = false                                     {product} {ergonomic}

Logging:
Log output configuration:
 #0: stdout all=warning uptime,level,tags
 #1: stderr all=off uptime,level,tags

Environment Variables:
PATH=/usr/bin:/bin:/usr/sbin:/sbin
SHELL=/bin/zsh

Signal Handlers:
SIGSEGV: [libjvm.dylib+0x9fe2e0], sa_mask[0]=11111111011111110111111111111111, sa_flags=SA_ONSTACK|SA_RESTART|SA_SIGINFO
SIGBUS: [libjvm.dylib+0x9fe2e0], sa_mask[0]=11111111011111110111111111111111, sa_flags=SA_RESTART|SA_SIGINFO
SIGFPE: [libjvm.dylib+0x9fe2e0], sa_mask[0]=11111111011111110111111111111111, sa_flags=SA_RESTART|SA_SIGINFO
SIGPIPE: [libjvm.dylib+0x82a110], sa_mask[0]=11111111011111110111111111111111, sa_flags=SA_RESTART|SA_SIGINFO
SIGXFSZ: [libjvm.dylib+0x82a110], sa_mask[0]=11111111011111110111111111111111, sa_flags=SA_RESTART|SA_SIGINFO
SIGILL: [libjvm.dylib+0x9fe2e0], sa_mask[0]=11111111011111110111111111111111, sa_flags=SA_RESTART|SA_SIGINFO
SIGUSR2: [libjvm.dylib+0x82ac20], sa_mask[0]=00100000000000000000000000000000, sa_flags=SA_RESTART|SA_SIGINFO
SIGHUP: [libjvm.dylib+0x829320], sa_mask[0]=11111111011111110111111111111111, sa_flags=SA_RESTART|SA_SIGINFO
SIGINT: [libjvm.dylib+0x829320], sa_mask[0]=11111111011111110111111111111111, sa_flags=SA_RESTART|SA_SIGINFO
SIGTERM: [libjvm.dylib+0x829320], sa_mask[0]=11111111011111110111111111111111, sa_flags=SA_RESTART|SA_SIGINFO
SIGQUIT: [libjvm.dylib+0x829320], sa_mask[0]=11111111011111110111111111111111, sa_flags=SA_RESTART|SA_SIGINFO


---------------  S Y S T E M  ---------------

OS:uname: Darwin 20.4.0 Darwin Kernel Version 20.4.0: Thu Apr 22 21:46:47 PDT 2021; root:xnu-7195.101.2~1/RELEASE_X86_64 x86_64
OS uptime: 1 days 8:35 hours
rlimit (soft/hard): STACK 8192k/65532k , CORE 0k/infinity , NPROC 2784/4176 , NOFILE 10240/infinity , AS infinity/infinity , CPU infinity/infinity , DATA infinity/infinity , FSIZE infinity/infinity , MEMLOCK infinity/infinity , RSS infinity/infinity
load average: 2.76 2.46 2.43

CPU: total 12 (initial active 12) (6 cores per cpu, 2 threads per core) family 6 model 158 stepping 10 microcode 0xde, cmov, cx8, fxsr, mmx, sse, sse2, sse3, ssse3, sse4.1, sse4.2, popcnt, vzeroupper, avx, avx2, aes, clmul, erms, 3dnowpref, lzcnt, ht, tsc, tscinvbit, bmi1, bmi2, adx, fma, clflush, clflushopt

Memory: 4k page, physical 16777216k(823052k free), swap 2097152k(1307648k free)

vm_info: Java HotSpot(TM) 64-Bit Server VM (15.0.1+9-18) for bsd-amd64 JRE (15.0.1+9-18), built on Sep 15 2020 13:50:45 by "mach5one" with clang 4.2.1 Compatible Apple LLVM 10.0.0 (clang-1000.11.45.5)

END.
